<?xml version="1.0" encoding="UTF-8"?>
<!-- Generated by org.testng.reporters.JUnitReportReporter -->
<testsuite hostname="TOSHIBA" failures="0" tests="1" name="test.Windowpopmessgehndle" time="42.062" errors="0" timestamp="2023-07-14T11:28:15 IST" skipped="0">
  <testcase classname="test.Windowpopmessgehndle" name="test1" time="42.062"/>
</testsuite> <!-- test.Windowpopmessgehndle -->
